[01m[K/home/stephen/WisconsinAutonomous/challenges/merge_arrays/src/merge_arrays_node.cpp:[m[K In constructor â€˜[01m[KMergeArraysNode::MergeArraysNode()[m[Kâ€™:
[01m[K/home/stephen/WisconsinAutonomous/challenges/merge_arrays/src/merge_arrays_node.cpp:13:120:[m[K [01;31m[Kerror: [m[Kâ€˜[01m[KcallbackArray1[m[Kâ€™ is not a member of â€˜[01m[KMergeArraysNode[m[Kâ€™
   13 | y>("/input/array1", 10, std::bind(&MergeArraysNode::[01;31m[KcallbackArray1[m[K, this, std::placeholders::_1));
      |                                                     [01;31m[K^~~~~~~~~~~~~~[m[K

[01m[K/home/stephen/WisconsinAutonomous/challenges/merge_arrays/src/merge_arrays_node.cpp:15:120:[m[K [01;31m[Kerror: [m[Kâ€˜[01m[KcallbackArray1[m[Kâ€™ is not a member of â€˜[01m[KMergeArraysNode[m[Kâ€™
   15 | y>("/input/array2", 10, std::bind(&MergeArraysNode::[01;31m[KcallbackArray1[m[K, this, std::placeholders::_1));
      |                                                     [01;31m[K^~~~~~~~~~~~~~[m[K

gmake[2]: *** [CMakeFiles/merge_arrays_node.dir/build.make:76: CMakeFiles/merge_arrays_node.dir/src/merge_arrays_node.cpp.o] Error 1
gmake[1]: *** [CMakeFiles/Makefile2:137: CMakeFiles/merge_arrays_node.dir/all] Error 2
gmake: *** [Makefile:146: all] Error 2
