-- The C compiler identification is GNU 11.4.0
-- The CXX compiler identification is GNU 11.4.0
-- Detecting C compiler ABI info
-- Detecting C compiler ABI info - done
-- Check for working C compiler: /usr/bin/cc - skipped
-- Detecting C compile features
-- Detecting C compile features - done
-- Detecting CXX compiler ABI info
-- Detecting CXX compiler ABI info - done
-- Check for working CXX compiler: /usr/bin/c++ - skipped
-- Detecting CXX compile features
-- Detecting CXX compile features - done
-- Found ament_cmake: 1.3.12 (/opt/ros/humble/share/ament_cmake/cmake)
-- Found Python3: /usr/bin/python3 (found version "3.10.12") found components: Interpreter 
-- Override CMake install command with custom implementation using symlinks instead of copying resources
-- Found rclcpp: 16.0.14 (/opt/ros/humble/share/rclcpp/cmake)
-- Found rosidl_generator_c: 3.1.7 (/opt/ros/humble/share/rosidl_generator_c/cmake)
-- Found rosidl_adapter: 3.1.7 (/opt/ros/humble/share/rosidl_adapter/cmake)
-- Found rosidl_generator_cpp: 3.1.7 (/opt/ros/humble/share/rosidl_generator_cpp/cmake)
-- Using all available rosidl_typesupport_c: rosidl_typesupport_fastrtps_c;rosidl_typesupport_introspection_c
-- Using all available rosidl_typesupport_cpp: rosidl_typesupport_fastrtps_cpp;rosidl_typesupport_introspection_cpp
-- Found rmw_implementation_cmake: 6.1.2 (/opt/ros/humble/share/rmw_implementation_cmake/cmake)
-- Found rmw_fastrtps_cpp: 6.2.8 (/opt/ros/humble/share/rmw_fastrtps_cpp/cmake)
-- Found OpenSSL: /usr/lib/aarch64-linux-gnu/libcrypto.so (found version "3.0.2")  
-- Found FastRTPS: /opt/ros/humble/include  
-- Using RMW implementation 'rmw_fastrtps_cpp' as default
-- Looking for pthread.h
-- Looking for pthread.h - found
-- Performing Test CMAKE_HAVE_LIBC_PTHREAD
-- Performing Test CMAKE_HAVE_LIBC_PTHREAD - Success
-- Found Threads: TRUE  
-- Found ament_lint_auto: 0.12.14 (/opt/ros/humble/share/ament_lint_auto/cmake)
-- Added test 'cppcheck' to perform static code analysis on C / C++ code
-- Configured cppcheck include dirs: $<BUILD_INTERFACE:/home/stephen/WisconsinAutonomous/challenges/merge_arrays/include>
-- Configured cppcheck exclude dirs and/or files: 
-- Added test 'lint_cmake' to check CMake code style
-- Added test 'uncrustify' to check C / C++ code style
-- Configured uncrustify additional arguments: 
-- Added test 'xmllint' to check XML markup files
-- Configuring done
-- Generating done
-- Build files have been written to: /home/stephen/WisconsinAutonomous/challenges/merge_arrays/build/merge_arrays
[ 50%] [32mBuilding CXX object CMakeFiles/merge_arrays_node.dir/src/merge_arrays_node.cpp.o[0m
[01m[K/home/stephen/WisconsinAutonomous/challenges/merge_arrays/src/merge_arrays_node.cpp:[m[K In constructor â€˜[01m[KMergeArraysNode::MergeArraysNode()[m[Kâ€™:
[01m[K/home/stephen/WisconsinAutonomous/challenges/merge_arrays/src/merge_arrays_node.cpp:13:120:[m[K [01;31m[Kerror: [m[Kâ€˜[01m[KcallbackArray1[m[Kâ€™ is not a member of â€˜[01m[KMergeArraysNode[m[Kâ€™
   13 | y>("/input/array1", 10, std::bind(&MergeArraysNode::[01;31m[KcallbackArray1[m[K, this, std::placeholders::_1));
      |                                                     [01;31m[K^~~~~~~~~~~~~~[m[K

[01m[K/home/stephen/WisconsinAutonomous/challenges/merge_arrays/src/merge_arrays_node.cpp:15:120:[m[K [01;31m[Kerror: [m[Kâ€˜[01m[KcallbackArray1[m[Kâ€™ is not a member of â€˜[01m[KMergeArraysNode[m[Kâ€™
   15 | y>("/input/array2", 10, std::bind(&MergeArraysNode::[01;31m[KcallbackArray1[m[K, this, std::placeholders::_1));
      |                                                     [01;31m[K^~~~~~~~~~~~~~[m[K

gmake[2]: *** [CMakeFiles/merge_arrays_node.dir/build.make:76: CMakeFiles/merge_arrays_node.dir/src/merge_arrays_node.cpp.o] Error 1
gmake[1]: *** [CMakeFiles/Makefile2:137: CMakeFiles/merge_arrays_node.dir/all] Error 2
gmake: *** [Makefile:146: all] Error 2
