[0.007s] Invoking command in '/home/stephen/WisconsinAutonomous/challenges/merge_arrays/build/merge_arrays': CMAKE_PREFIX_PATH=/opt/ros/humble /usr/bin/cmake /home/stephen/WisconsinAutonomous/challenges/merge_arrays -DAMENT_CMAKE_SYMLINK_INSTALL=1 -DCMAKE_INSTALL_PREFIX=/home/stephen/WisconsinAutonomous/challenges/merge_arrays/install/merge_arrays
[0.157s] -- The C compiler identification is GNU 11.4.0
[0.358s] -- The CXX compiler identification is GNU 11.4.0
[0.463s] -- Detecting C compiler ABI info
[0.533s] -- Detecting C compiler ABI info - done
[0.537s] -- Check for working C compiler: /usr/bin/cc - skipped
[0.538s] -- Detecting C compile features
[0.538s] -- Detecting C compile features - done
[0.541s] -- Detecting CXX compiler ABI info
[0.606s] -- Detecting CXX compiler ABI info - done
[0.611s] -- Check for working CXX compiler: /usr/bin/c++ - skipped
[0.611s] -- Detecting CXX compile features
[0.611s] -- Detecting CXX compile features - done
[0.626s] -- Found ament_cmake: 1.3.12 (/opt/ros/humble/share/ament_cmake/cmake)
[0.709s] -- Found Python3: /usr/bin/python3 (found version "3.10.12") found components: Interpreter 
[0.754s] -- Override CMake install command with custom implementation using symlinks instead of copying resources
[0.784s] -- Found rclcpp: 16.0.14 (/opt/ros/humble/share/rclcpp/cmake)
[0.871s] -- Found rosidl_generator_c: 3.1.7 (/opt/ros/humble/share/rosidl_generator_c/cmake)
[0.876s] -- Found rosidl_adapter: 3.1.7 (/opt/ros/humble/share/rosidl_adapter/cmake)
[0.885s] -- Found rosidl_generator_cpp: 3.1.7 (/opt/ros/humble/share/rosidl_generator_cpp/cmake)
[0.899s] -- Using all available rosidl_typesupport_c: rosidl_typesupport_fastrtps_c;rosidl_typesupport_introspection_c
[0.914s] -- Using all available rosidl_typesupport_cpp: rosidl_typesupport_fastrtps_cpp;rosidl_typesupport_introspection_cpp
[0.957s] -- Found rmw_implementation_cmake: 6.1.2 (/opt/ros/humble/share/rmw_implementation_cmake/cmake)
[0.960s] -- Found rmw_fastrtps_cpp: 6.2.8 (/opt/ros/humble/share/rmw_fastrtps_cpp/cmake)
[1.365s] -- Found OpenSSL: /usr/lib/aarch64-linux-gnu/libcrypto.so (found version "3.0.2")  
[1.770s] -- Found FastRTPS: /opt/ros/humble/include  
[2.511s] -- Using RMW implementation 'rmw_fastrtps_cpp' as default
[2.522s] -- Looking for pthread.h
[2.596s] -- Looking for pthread.h - found
[2.597s] -- Performing Test CMAKE_HAVE_LIBC_PTHREAD
[2.658s] -- Performing Test CMAKE_HAVE_LIBC_PTHREAD - Success
[2.659s] -- Found Threads: TRUE  
[2.710s] -- Found ament_lint_auto: 0.12.14 (/opt/ros/humble/share/ament_lint_auto/cmake)
[2.762s] -- Added test 'cppcheck' to perform static code analysis on C / C++ code
[2.762s] -- Configured cppcheck include dirs: $<BUILD_INTERFACE:/home/stephen/WisconsinAutonomous/challenges/merge_arrays/include>
[2.762s] -- Configured cppcheck exclude dirs and/or files: 
[2.764s] -- Added test 'lint_cmake' to check CMake code style
[2.767s] -- Added test 'uncrustify' to check C / C++ code style
[2.767s] -- Configured uncrustify additional arguments: 
[2.768s] -- Added test 'xmllint' to check XML markup files
[2.769s] -- Configuring done
[2.776s] -- Generating done
[2.778s] -- Build files have been written to: /home/stephen/WisconsinAutonomous/challenges/merge_arrays/build/merge_arrays
[2.786s] Invoked command in '/home/stephen/WisconsinAutonomous/challenges/merge_arrays/build/merge_arrays' returned '0': CMAKE_PREFIX_PATH=/opt/ros/humble /usr/bin/cmake /home/stephen/WisconsinAutonomous/challenges/merge_arrays -DAMENT_CMAKE_SYMLINK_INSTALL=1 -DCMAKE_INSTALL_PREFIX=/home/stephen/WisconsinAutonomous/challenges/merge_arrays/install/merge_arrays
[2.787s] Invoking command in '/home/stephen/WisconsinAutonomous/challenges/merge_arrays/build/merge_arrays': CMAKE_PREFIX_PATH=/opt/ros/humble /usr/bin/cmake --build /home/stephen/WisconsinAutonomous/challenges/merge_arrays/build/merge_arrays -- -j12 -l12
[2.816s] [ 50%] [32mBuilding CXX object CMakeFiles/merge_arrays_node.dir/src/merge_arrays_node.cpp.o[0m
[4.317s] [01m[K/home/stephen/WisconsinAutonomous/challenges/merge_arrays/src/merge_arrays_node.cpp:[m[K In constructor â€˜[01m[KMergeArraysNode::MergeArraysNode()[m[Kâ€™:
[4.317s] [01m[K/home/stephen/WisconsinAutonomous/challenges/merge_arrays/src/merge_arrays_node.cpp:13:120:[m[K [01;31m[Kerror: [m[Kâ€˜[01m[KcallbackArray1[m[Kâ€™ is not a member of â€˜[01m[KMergeArraysNode[m[Kâ€™
[4.317s]    13 | y>("/input/array1", 10, std::bind(&MergeArraysNode::[01;31m[KcallbackArray1[m[K, this, std::placeholders::_1));
[4.317s]       |                                                     [01;31m[K^~~~~~~~~~~~~~[m[K
[4.317s] 
[4.317s] [01m[K/home/stephen/WisconsinAutonomous/challenges/merge_arrays/src/merge_arrays_node.cpp:15:120:[m[K [01;31m[Kerror: [m[Kâ€˜[01m[KcallbackArray1[m[Kâ€™ is not a member of â€˜[01m[KMergeArraysNode[m[Kâ€™
[4.317s]    15 | y>("/input/array2", 10, std::bind(&MergeArraysNode::[01;31m[KcallbackArray1[m[K, this, std::placeholders::_1));
[4.317s]       |                                                     [01;31m[K^~~~~~~~~~~~~~[m[K
[4.317s] 
[4.844s] gmake[2]: *** [CMakeFiles/merge_arrays_node.dir/build.make:76: CMakeFiles/merge_arrays_node.dir/src/merge_arrays_node.cpp.o] Error 1
[4.844s] gmake[1]: *** [CMakeFiles/Makefile2:137: CMakeFiles/merge_arrays_node.dir/all] Error 2
[4.844s] gmake: *** [Makefile:146: all] Error 2
[4.847s] Invoked command in '/home/stephen/WisconsinAutonomous/challenges/merge_arrays/build/merge_arrays' returned '2': CMAKE_PREFIX_PATH=/opt/ros/humble /usr/bin/cmake --build /home/stephen/WisconsinAutonomous/challenges/merge_arrays/build/merge_arrays -- -j12 -l12
